# JRE version: OpenJDK Runtime Environment (11.0.11+9) (build 11.0.11+9-b60-7590822)
# Java VM: OpenJDK 64-Bit Server VM (11.0.11+9-b60-7590822, mixed mode, tiered, compressed oops, g1 gc, windows-amd64)
Heap:
 garbage-first heap   total 189440K, used 92141K [0x00000000a0000000, 0x0000000100000000)
  region size 1024K, 4 young (4096K), 4 survivors (4096K)
 Metaspace       used 73974K, capacity 76975K, committed 77184K, reserved 1116160K
  class space    used 9586K, capacity 10509K, committed 10624K, reserved 1048576K
GC Heap History (20 events):
Event: 30.306 GC heap after
{Heap after GC invocations=49 (full 0):
 garbage-first heap   total 89088K, used 58608K [0x00000000a0000000, 0x0000000100000000)
  region size 1024K, 2 young (2048K), 2 survivors (2048K)
 Metaspace       used 66658K, capacity 68427K, committed 68608K, reserved 1107968K
  class space    used 8508K, capacity 9096K, committed 9216K, reserved 1048576K
}
Event: 30.863 GC heap before
{Heap before GC invocations=49 (full 0):
 garbage-first heap   total 89088K, used 71920K [0x00000000a0000000, 0x0000000100000000)
  region size 1024K, 15 young (15360K), 2 survivors (2048K)
 Metaspace       used 68054K, capacity 69963K, committed 70144K, reserved 1110016K
  class space    used 8733K, capacity 9413K, committed 9472K, reserved 1048576K
}
Event: 30.869 GC heap after
{Heap after GC invocations=50 (full 0):
 garbage-first heap   total 89088K, used 59577K [0x00000000a0000000, 0x0000000100000000)
  region size 1024K, 2 young (2048K), 2 survivors (2048K)
 Metaspace       used 68054K, capacity 69963K, committed 70144K, reserved 1110016K
  class space    used 8733K, capacity 9413K, committed 9472K, reserved 1048576K
}
Event: 31.388 GC heap before
{Heap before GC invocations=51 (full 0):
 garbage-first heap   total 89088K, used 72889K [0x00000000a0000000, 0x0000000100000000)
  region size 1024K, 15 young (15360K), 2 survivors (2048K)
 Metaspace       used 68761K, capacity 70665K, committed 70784K, reserved 1110016K
  class space    used 8842K, capacity 9516K, committed 9600K, reserved 1048576K
}
Event: 31.397 GC heap after
{Heap after GC invocations=52 (full 0):
 garbage-first heap   total 121856K, used 60632K [0x00000000a0000000, 0x0000000100000000)
  region size 1024K, 2 young (2048K), 2 survivors (2048K)
 Metaspace       used 68761K, capacity 70665K, committed 70784K, reserved 1110016K
  class space    used 8842K, capacity 9516K, committed 9600K, reserved 1048576K
}
Event: 32.971 GC heap before
{Heap before GC invocations=52 (full 0):
 garbage-first heap   total 121856K, used 87256K [0x00000000a0000000, 0x0000000100000000)
  region size 1024K, 28 young (28672K), 2 survivors (2048K)
 Metaspace       used 69899K, capacity 71774K, committed 72064K, reserved 1112064K
  class space    used 9050K, capacity 9758K, committed 9856K, reserved 1048576K
}
Event: 32.991 GC heap after
{Heap after GC invocations=53 (full 0):
 garbage-first heap   total 121856K, used 63230K [0x00000000a0000000, 0x0000000100000000)
  region size 1024K, 4 young (4096K), 4 survivors (4096K)
 Metaspace       used 69899K, capacity 71774K, committed 72064K, reserved 1112064K
  class space    used 9050K, capacity 9758K, committed 9856K, reserved 1048576K
}
Event: 33.772 GC heap before
{Heap before GC invocations=54 (full 0):
 garbage-first heap   total 121856K, used 89854K [0x00000000a0000000, 0x0000000100000000)
  region size 1024K, 30 young (30720K), 4 survivors (4096K)
 Metaspace       used 70737K, capacity 72687K, committed 72960K, reserved 1112064K
  class space    used 9180K, capacity 9944K, committed 9984K, reserved 1048576K
}
Event: 33.796 GC heap after
{Heap after GC invocations=55 (full 0):
 garbage-first heap   total 121856K, used 66015K [0x00000000a0000000, 0x0000000100000000)
  region size 1024K, 3 young (3072K), 3 survivors (3072K)
 Metaspace       used 70737K, capacity 72687K, committed 72960K, reserved 1112064K
  class space    used 9180K, capacity 9944K, committed 9984K, reserved 1048576K
}
Event: 34.930 GC heap before
{Heap before GC invocations=55 (full 0):
 garbage-first heap   total 121856K, used 92639K [0x00000000a0000000, 0x0000000100000000)
  region size 1024K, 29 young (29696K), 3 survivors (3072K)
 Metaspace       used 71544K, capacity 73624K, committed 73856K, reserved 1114112K
  class space    used 9270K, capacity 10033K, committed 10112K, reserved 1048576K
}
Event: 34.943 GC heap after
{Heap after GC invocations=56 (full 0):
 garbage-first heap   total 121856K, used 67633K [0x00000000a0000000, 0x0000000100000000)
  region size 1024K, 2 young (2048K), 2 survivors (2048K)
 Metaspace       used 71544K, capacity 73624K, committed 73856K, reserved 1114112K
  class space    used 9270K, capacity 10033K, committed 10112K, reserved 1048576K
}
Event: 35.509 GC heap before
{Heap before GC invocations=57 (full 0):
 garbage-first heap   total 121856K, used 72753K [0x00000000a0000000, 0x0000000100000000)
  region size 1024K, 8 young (8192K), 2 survivors (2048K)
 Metaspace       used 71783K, capacity 73920K, committed 74112K, reserved 1114112K
  class space    used 9298K, capacity 10043K, committed 10112K, reserved 1048576K
}
Event: 35.522 GC heap after
{Heap after GC invocations=58 (full 0):
 garbage-first heap   total 146432K, used 68458K [0x00000000a0000000, 0x0000000100000000)
  region size 1024K, 3 young (3072K), 3 survivors (3072K)
 Metaspace       used 71783K, capacity 73920K, committed 74112K, reserved 1114112K
  class space    used 9298K, capacity 10043K, committed 10112K, reserved 1048576K
}
Event: 35.929 GC heap before
{Heap before GC invocations=59 (full 0):
 garbage-first heap   total 146432K, used 74602K [0x00000000a0000000, 0x0000000100000000)
  region size 1024K, 8 young (8192K), 3 survivors (3072K)
 Metaspace       used 71784K, capacity 73920K, committed 74112K, reserved 1114112K
  class space    used 9298K, capacity 10043K, committed 10112K, reserved 1048576K
}
Event: 35.964 GC heap after
{Heap after GC invocations=60 (full 0):
 garbage-first heap   total 146432K, used 73620K [0x00000000a0000000, 0x0000000100000000)
  region size 1024K, 5 young (5120K), 5 survivors (5120K)
 Metaspace       used 71784K, capacity 73920K, committed 74112K, reserved 1114112K
  class space    used 9298K, capacity 10043K, committed 10112K, reserved 1048576K
}
Event: 38.417 GC heap before
{Heap before GC invocations=61 (full 0):
 garbage-first heap   total 146432K, used 104340K [0x00000000a0000000, 0x0000000100000000)
  region size 1024K, 33 young (33792K), 5 survivors (5120K)
 Metaspace       used 73008K, capacity 75237K, committed 75264K, reserved 1114112K
  class space    used 9455K, capacity 10219K, committed 10240K, reserved 1048576K
}
Event: 38.465 GC heap after
{Heap after GC invocations=62 (full 0):
 garbage-first heap   total 146432K, used 79324K [0x00000000a0000000, 0x0000000100000000)
  region size 1024K, 4 young (4096K), 4 survivors (4096K)
 Metaspace       used 73008K, capacity 75237K, committed 75264K, reserved 1114112K
  class space    used 9455K, capacity 10219K, committed 10240K, reserved 1048576K
}
Event: 40.097 GC heap before
{Heap before GC invocations=62 (full 0):
 garbage-first heap   total 146432K, used 105948K [0x00000000a0000000, 0x0000000100000000)
  region size 1024K, 31 young (31744K), 4 survivors (4096K)
 Metaspace       used 73598K, capacity 76341K, committed 76544K, reserved 1116160K
  class space    used 9530K, capacity 10396K, committed 10496K, reserved 1048576K
}
Event: 40.136 GC heap after
{Heap after GC invocations=63 (full 0):
 garbage-first heap   total 146432K, used 85994K [0x00000000a0000000, 0x0000000100000000)
  region size 1024K, 4 young (4096K), 4 survivors (4096K)
 Metaspace       used 73598K, capacity 76341K, committed 76544K, reserved 1116160K
  class space    used 9530K, capacity 10396K, committed 10496K, reserved 1048576K
}
Event: 41.787 GC heap before
{Heap before GC invocations=64 (full 0):
 garbage-first heap   total 146432K, used 110570K [0x00000000a0000000, 0x0000000100000000)
  region size 1024K, 29 young (29696K), 4 survivors (4096K)
 Metaspace       used 73974K, capacity 76975K, committed 77184K, reserved 1116160K
  class space    used 9586K, capacity 10509K, committed 10624K, reserved 1048576K
}

