# JRE version: OpenJDK Runtime Environment (11.0.11+9) (build 11.0.11+9-b60-7590822)
# Java VM: OpenJDK 64-Bit Server VM (11.0.11+9-b60-7590822, mixed mode, tiered, compressed oops, g1 gc, windows-amd64)
Heap:
 garbage-first heap   total 61440K, used 10025K [0x00000000c4e00000, 0x0000000100000000)
  region size 1024K, 3 young (3072K), 1 survivors (1024K)
 Metaspace       used 13232K, capacity 13466K, committed 13696K, reserved 1067008K
  class space    used 1522K, capacity 1619K, committed 1664K, reserved 1048576K
GC Heap History (6 events):
Event: 3.419 GC heap before
{Heap before GC invocations=0 (full 0):
 garbage-first heap   total 61440K, used 19456K [0x00000000c4e00000, 0x0000000100000000)
  region size 1024K, 14 young (14336K), 0 survivors (0K)
 Metaspace       used 8113K, capacity 8337K, committed 8576K, reserved 1056768K
  class space    used 741K, capacity 818K, committed 896K, reserved 1048576K
}
Event: 3.431 GC heap after
{Heap after GC invocations=1 (full 0):
 garbage-first heap   total 61440K, used 7830K [0x00000000c4e00000, 0x0000000100000000)
  region size 1024K, 2 young (2048K), 2 survivors (2048K)
 Metaspace       used 8113K, capacity 8337K, committed 8576K, reserved 1056768K
  class space    used 741K, capacity 818K, committed 896K, reserved 1048576K
}
Event: 4.326 GC heap before
{Heap before GC invocations=1 (full 0):
 garbage-first heap   total 61440K, used 18070K [0x00000000c4e00000, 0x0000000100000000)
  region size 1024K, 12 young (12288K), 2 survivors (2048K)
 Metaspace       used 11247K, capacity 11496K, committed 11648K, reserved 1058816K
  class space    used 1227K, capacity 1301K, committed 1408K, reserved 1048576K
}
Event: 4.330 GC heap after
{Heap after GC invocations=2 (full 0):
 garbage-first heap   total 61440K, used 8713K [0x00000000c4e00000, 0x0000000100000000)
  region size 1024K, 1 young (1024K), 1 survivors (1024K)
 Metaspace       used 11247K, capacity 11496K, committed 11648K, reserved 1058816K
  class space    used 1227K, capacity 1301K, committed 1408K, reserved 1048576K
}
Event: 4.651 GC heap before
{Heap before GC invocations=2 (full 0):
 garbage-first heap   total 61440K, used 13833K [0x00000000c4e00000, 0x0000000100000000)
  region size 1024K, 7 young (7168K), 1 survivors (1024K)
 Metaspace       used 12795K, capacity 13009K, committed 13184K, reserved 1067008K
  class space    used 1468K, capacity 1551K, committed 1664K, reserved 1048576K
}
Event: 4.656 GC heap after
{Heap after GC invocations=3 (full 0):
 garbage-first heap   total 61440K, used 9001K [0x00000000c4e00000, 0x0000000100000000)
  region size 1024K, 1 young (1024K), 1 survivors (1024K)
 Metaspace       used 12795K, capacity 13009K, committed 13184K, reserved 1067008K
  class space    used 1468K, capacity 1551K, committed 1664K, reserved 1048576K
}

